#
# A fatal error has been detected by the Java Runtime Environment:
#
#  SIGSEGV (0xb) at pc=0x000000010e6ab9cb, pid=2083, tid=11011
#
# JRE version: Java(TM) SE Runtime Environment (8.0_20-b26) (build 1.8.0_20-b26)
# Java VM: Java HotSpot(TM) 64-Bit Server VM (25.20-b23 mixed mode bsd-amd64 compressed oops)
# Problematic frame:
# V  [libjvm.dylib+0x2ab9cb]  void MarkSweep::mark_and_push<unsigned int>(unsigned int*)+0x9f
#
# Failed to write core dump. Core dumps have been disabled. To enable core dumping, try "ulimit -c unlimited" before starting Java again
#
# If you would like to submit a bug report, please visit:
#   http://bugreport.sun.com/bugreport/crash.jsp
#

---------------  T H R E A D  ---------------

Current thread (0x00007fecfd81a800):  VMThread [stack: 0x000000012bbb3000,0x000000012bcb3000] [id=11011]

siginfo: si_signo: 11 (SIGSEGV), si_code: 1 (SEGV_MAPERR), si_addr: 0x0000000000000268

Registers:
RAX=0x0000000000000000, RBX=0x00000007c00678e8, RCX=0x000000010ec93503, RDX=0x000000010ebf0db0
RSP=0x000000012bcb1bd0, RBP=0x000000012bcb1bf0, RSI=0x000000010ec80cb0, RDI=0x00000000000001c0
R8 =0x0000000000000000, R9 =0x0000000000000029, R10=0x00000000c0589160, R11=0x00000000c0593dd1
R12=0x00000005d10e3d90, R13=0x00000005d10e3d94, R14=0x00000007c001bfa8, R15=0x00000007c001bfb0
RIP=0x000000010e6ab9cb, EFLAGS=0x0000000000010206, ERR=0x0000000000000004
  TRAPNO=0x000000000000000e

Top of Stack: (sp=0x000000012bcb1bd0)
0x000000012bcb1bd0:   000000012bcb1c30 0000000000000003
0x000000012bcb1be0:   00000005d10e3d78 00000007c001bfa8
0x000000012bcb1bf0:   000000012bcb1c30 000000010e6a85b6
0x000000012bcb1c00:   0000000000000000 000000012bcb1c48
0x000000012bcb1c10:   000000010ebf0db0 00000005d10e3d78
0x000000012bcb1c20:   000000010ec99170 000000010ec93504
0x000000012bcb1c30:   000000012bcb1c80 000000010e7fd479
0x000000012bcb1c40:   000000012bcb1c80 000000010e6a85b6
0x000000012bcb1c50:   00000005da929238 00000005d0a40000
0x000000012bcb1c60:   000000012bcb1cd0 0000000000000001
0x000000012bcb1c70:   000000012bcb1df0 000000012bcb1dc0
0x000000012bcb1c80:   000000012bcb1ca0 000000010e7fddf5
0x000000012bcb1c90:   0000000000000003 000000010ec992c0
0x000000012bcb1ca0:   000000012bcb1d40 000000010e8543a6
0x000000012bcb1cb0:   000000012bcb1cd0 00007fecfc150068
0x000000012bcb1cc0:   000000010ebe7680 000000010e853982
0x000000012bcb1cd0:   00007fecfc2438a0 0000000a00000007
0x000000012bcb1ce0:   1741000100000002 000000010f51ffff
0x000000012bcb1cf0:   00007fecfbc1f930 00007fecfc243890
0x000000012bcb1d00:   0000000a00000010 1bd000000000000c
0x000000012bcb1d10:   000000012bcb00dc 000000012bcb24a8
0x000000012bcb1d20:   000000010ec992c0 000000012bcb1dc0
0x000000012bcb1d30:   000000012bcb1dc0 000000012bcb1df0
0x000000012bcb1d40:   000000012bcb1da0 000000010e63ac4a
0x000000012bcb1d50:   000000012bcb1da0 000000010e5e53e7
0x000000012bcb1d60:   000000012bcb1da0 000000010e63b5b5
0x000000012bcb1d70:   000000012bcb24a8 000000012bcb2438
0x000000012bcb1d80:   000000012bcb2438 000000012bcb1df0
0x000000012bcb1d90:   000000010ec992c0 00007fecfc013000
0x000000012bcb1da0:   000000012bcb23e0 000000010e936712
0x000000012bcb1db0:   0000000000000001 000000012bcb24a8
0x000000012bcb1dc0:   000000010d323440 000000010f51acf4 

Instructions: (pc=0x000000010e6ab9cb)
0x000000010e6ab9ab:   5e 00 80 39 00 74 15 48 8d 15 f7 53 54 00 8a 4a
0x000000010e6ab9bb:   08 8b 7b 08 48 d3 e7 48 03 3a eb 04 48 8b 7b 08
0x000000010e6ab9cb:   48 8b 8f a8 00 00 00 48 83 e1 07 48 83 f9 05 74
0x000000010e6ab9db:   1a 48 83 f8 01 75 14 48 b8 00 ff ff ff 7f 00 00 

Register to memory mapping:

RAX=0x0000000000000000 is an unknown value
RBX=0x00000007c00678e8 is pointing into metadata
RCX=0x000000010ec93503: UnlockExperimentalVMOptions+0 in /Library/Java/JavaVirtualMachines/jdk1.8.0_20.jdk/Contents/Home/jre/lib/server/libjvm.dylib at 0x000000010e400000
RDX=0x000000010ebf0db0: _ZN8Universe13_narrow_klassE+0 in /Library/Java/JavaVirtualMachines/jdk1.8.0_20.jdk/Contents/Home/jre/lib/server/libjvm.dylib at 0x000000010e400000
RSP=0x000000012bcb1bd0 is an unknown value
RBP=0x000000012bcb1bf0 is an unknown value
RSI=0x000000010ec80cb0: _ZTV13InstanceKlass+0x10 in /Library/Java/JavaVirtualMachines/jdk1.8.0_20.jdk/Contents/Home/jre/lib/server/libjvm.dylib at 0x000000010e400000
RDI=0x00000000000001c0 is an unknown value
R8 =0x0000000000000000 is an unknown value
R9 =0x0000000000000029 is an unknown value
R10=0x00000000c0589160 is an unknown value
R11=0x00000000c0593dd1 is an unknown value
R12=0x00000005d10e3d90 is pointing into object: 0x00000005d10e3d78
java.util.HashMap$Node 
 - klass: 'java/util/HashMap$Node'
R13=0x00000005d10e3d94 is pointing into object: 0x00000005d10e3d78
java.util.HashMap$Node 
 - klass: 'java/util/HashMap$Node'
R14=0x00000007c001bfa8 is pointing into metadata
R15=0x00000007c001bfb0 is pointing into metadata


Stack: [0x000000012bbb3000,0x000000012bcb3000],  sp=0x000000012bcb1bd0,  free space=1018k
Native frames: (J=compiled Java code, j=interpreted, Vv=VM code, C=native code)
V  [libjvm.dylib+0x2ab9cb]  void MarkSweep::mark_and_push<unsigned int>(unsigned int*)+0x9f
V  [libjvm.dylib+0x2a85b6]  InstanceKlass::oop_follow_contents(oopDesc*)+0xfa
V  [libjvm.dylib+0x3fd479]  MarkSweep::follow_stack()+0x7d
V  [libjvm.dylib+0x3fddf5]  void MarkSweep::follow_root<oopDesc*>(oopDesc**)+0xf3
V  [libjvm.dylib+0x4543a6]  OopMapSet::all_do(frame const*, RegisterMap const*, OopClosure*, void (*)(oopDesc**, oopDesc**), OopClosure*)+0x164
V  [libjvm.dylib+0x23ac4a]  frame::oops_code_blob_do(OopClosure*, CodeBlobClosure*, RegisterMap const*)+0x34
V  [libjvm.dylib+0x536712]  JavaThread::oops_do(OopClosure*, CLDToOopClosure*, CodeBlobClosure*)+0x106
V  [libjvm.dylib+0x531c2f]  Threads::possibly_parallel_oops_do(OopClosure*, CLDToOopClosure*, CodeBlobClosure*)+0x69
V  [libjvm.dylib+0x4b2741]  SharedHeap::process_strong_roots(bool, bool, SharedHeap::ScanningOption, OopClosure*, CodeBlobClosure*, KlassClosure*)+0xa5
V  [libjvm.dylib+0x26e6d0]  GenCollectedHeap::gen_process_strong_roots(int, bool, bool, bool, SharedHeap::ScanningOption, OopsInGenClosure*, bool, OopsInGenClosure*, KlassClosure*)+0x8a
V  [libjvm.dylib+0x270031]  GenMarkSweep::mark_sweep_phase1(int, bool)+0xc1
V  [libjvm.dylib+0x26fc69]  GenMarkSweep::invoke_at_safepoint(int, ReferenceProcessor*, bool)+0x119
V  [libjvm.dylib+0x1cac20]  CMSCollector::do_compaction_work(bool)+0x24c
V  [libjvm.dylib+0x1cb6da]  CMSCollector::acquire_control_and_collect(bool, bool)+0x154
V  [libjvm.dylib+0x1cb82e]  CMSCollector::collect(bool, bool, unsigned long, bool)+0x40
V  [libjvm.dylib+0x26ee4c]  GenCollectedHeap::do_collection(bool, bool, unsigned long, bool, int)+0x56e
V  [libjvm.dylib+0x1963eb]  GenCollectorPolicy::satisfy_failed_allocation(unsigned long, bool)+0xbd
V  [libjvm.dylib+0x579386]  VM_GenCollectForAllocation::doit()+0x42
V  [libjvm.dylib+0x57fe31]  VM_Operation::evaluate()+0x4f
V  [libjvm.dylib+0x57e4a3]  VMThread::evaluate_operation(VM_Operation*)+0xdf
V  [libjvm.dylib+0x57e8f0]  VMThread::loop()+0x328
V  [libjvm.dylib+0x57e20f]  VMThread::run()+0x79
V  [libjvm.dylib+0x45d35a]  java_start(Thread*)+0xf6
C  [libsystem_pthread.dylib+0x405a]  _pthread_body+0x83
C  [libsystem_pthread.dylib+0x3fd7]  _pthread_body+0x0
C  [libsystem_pthread.dylib+0x13ed]  thread_start+0xd

JavaThread 0x00007fecfc013000 (nid = 4867) was being processed
Java frames: (J=compiled Java code, j=interpreted, Vv=VM code)
v  ~RuntimeStub::_new_array_Java
J 346 C2 org.simbrain.network.groups.SynapseGroup.addNewSynapse(Lorg/simbrain/network/core/Synapse;)V (122 bytes) @ 0x000000010f51acf4 [0x000000010f518ec0+0x1e34]
J 372% C1 org.simbrain.network.connections.Sparse.connectRandom(Lorg/simbrain/network/groups/SynapseGroup;)V (177 bytes) @ 0x000000010f50fadc [0x000000010f50f160+0x97c]
j  org.simbrain.network.connections.Sparse.connectNeurons(Lorg/simbrain/network/groups/SynapseGroup;)V+133
j  org.simbrain.network.groups.SynapseGroup.makeConnections()V+25
j  org.simbrain.network.groups.SynapseGroup.createSynapseGroup(Lorg/simbrain/network/groups/NeuronGroup;Lorg/simbrain/network/groups/NeuronGroup;Lorg/simbrain/network/connections/ConnectNeurons;DLorg/simbrain/util/randomizer/PolarizedRandomizer;Lorg/simbrain/util/randomizer/PolarizedRandomizer;)Lorg/simbrain/network/groups/SynapseGroup;+29
j  org.simbrain.network.update_actions.ConcurrentBufferedUpdate.main([Ljava/lang/String;)V+362
v  ~StubRoutines::call_stub
VM_Operation (0x000000010d323258): GenCollectForAllocation, mode: safepoint, requested by thread 0x00007fecfc013000


---------------  P R O C E S S  ---------------

Java Threads: ( => current thread )
  0x00007fecfc100800 JavaThread "AWT-Shutdown" [_thread_blocked, id=29971, stack(0x000000012fb8f000,0x000000012fc8f000)]
  0x00007fecfc8be000 JavaThread "AWT-AppKit" daemon [_thread_in_native, id=1811, stack(0x00007fff522f2000,0x00007fff52af2000)]
  0x00007fecfc072000 JavaThread "Timer-0" daemon [_thread_blocked, id=20739, stack(0x000000012e1a8000,0x000000012e2a8000)]
  0x00007fecfc02d800 JavaThread "Service Thread" daemon [_thread_blocked, id=19715, stack(0x000000012ddd1000,0x000000012ded1000)]
  0x00007fecfc022800 JavaThread "C1 CompilerThread3" daemon [_thread_blocked, id=19203, stack(0x000000012dcce000,0x000000012ddce000)]
  0x00007fecfd823800 JavaThread "C2 CompilerThread2" daemon [_thread_blocked, id=18691, stack(0x000000012dbcb000,0x000000012dccb000)]
  0x00007fecfc835800 JavaThread "C2 CompilerThread1" daemon [_thread_blocked, id=18179, stack(0x000000012dac8000,0x000000012dbc8000)]
  0x00007fecfd06d800 JavaThread "C2 CompilerThread0" daemon [_thread_blocked, id=17667, stack(0x000000012d9c5000,0x000000012dac5000)]
  0x00007fecfc834800 JavaThread "Signal Dispatcher" daemon [_thread_blocked, id=17155, stack(0x000000012d8c2000,0x000000012d9c2000)]
  0x00007fecfc01d000 JavaThread "Surrogate Locker Thread (Concurrent GC)" daemon [_thread_blocked, id=13579, stack(0x000000012d7bf000,0x000000012d8bf000)]
  0x00007fecfc808000 JavaThread "Finalizer" daemon [_thread_blocked, id=12035, stack(0x000000012bdb9000,0x000000012beb9000)]
  0x00007fecfc807000 JavaThread "Reference Handler" daemon [_thread_blocked, id=11523, stack(0x000000012bcb6000,0x000000012bdb6000)]
  0x00007fecfc013000 JavaThread "main" [_thread_blocked, id=4867, stack(0x000000010d224000,0x000000010d324000)]

Other Threads:
=>0x00007fecfd81a800 VMThread [stack: 0x000000012bbb3000,0x000000012bcb3000] [id=11011]
  0x00007fecfd84f800 WatcherThread [stack: 0x000000012ded4000,0x000000012dfd4000] [id=20227]

VM state:at safepoint (normal execution)

VM Mutex/Monitor currently owned by a thread:  ([mutex/lock_event])
[0x00007fecfbc20630] Threads_lock - owner thread: 0x00007fecfd81a800
[0x00007fecfbc20bb0] Heap_lock - owner thread: 0x00007fecfc013000

Heap:
 par new generation   total 306688K, used 20609K [0x00000005c0000000, 0x00000005d4cc0000, 0x00000005d4cc0000)
  eden space 272640K,   0% used [0x00000005c0000000, 0x00000005c0000000, 0x00000005d0a40000)
  from space 34048K,  60% used [0x00000005d0a40000, 0x00000005d1e607a0, 0x00000005d2b80000)
  to   space 34048K,   0% used [0x00000005d2b80000, 0x00000005d2b80000, 0x00000005d4cc0000)
 concurrent mark-sweep generation total 707840K, used 129172K [0x00000005d4cc0000, 0x0000000600000000, 0x00000007c0000000)
 Metaspace       used 4742K, capacity 5300K, committed 5504K, reserved 1056768K
  class space    used 521K, capacity 560K, committed 640K, reserved 1048576K

Card table byte_map: [0x000000011eae7000,0x000000011fae8000] byte_map_base: 0x000000011bce7000

Marking Bits: (CMSBitMap*) 0x00007fecfd03b748
 Bits: [0x0000000120e42000, 0x000000012890f000)

Mod Union Table: (CMSBitMap*) 0x00007fecfd03b808
 Bits: [0x0000000128910000, 0x0000000128afb340)

Polling page: 0x000000010d368000

CodeCache: size=245760Kb used=2067Kb max_used=2088Kb free=243693Kb
 bounds [0x000000010f31b000, 0x000000010f58b000, 0x000000011e31b000]
 total_blobs=651 nmethods=373 adapters=193
 compilation: enabled

Compilation events (10 events):
Event: 2.759 Thread 0x00007fecfc022800  371       3       sun.misc.VM::addFinalRefCount (24 bytes)
Event: 2.760 Thread 0x00007fecfc022800 nmethod 371 0x000000010f508710 code [0x000000010f508880, 0x000000010f508a30]
Event: 2.802 Thread 0x00007fecfc022800  372 %     3       org.simbrain.network.connections.Sparse::connectRandom @ 122 (177 bytes)
Event: 2.803 Thread 0x00007fecfc022800 nmethod 372% 0x000000010f50ee90 code [0x000000010f50f160, 0x000000010f50ff48]
Event: 2.804 Thread 0x00007fecfc022800  373       3       org.simbrain.network.connections.Sparse::connectRandom (177 bytes)
Event: 2.804 Thread 0x00007fecfc022800 nmethod 373 0x000000010f513290 code [0x000000010f513560, 0x000000010f5141a8]
Event: 2.807 Thread 0x00007fecfd06d800 nmethod 346 0x000000010f5188d0 code [0x000000010f518ec0, 0x000000010f51c3c8]
Event: 2.810 Thread 0x00007fecfd823800  374       4       umontreal.iro.lecuyer.rng.LFSR258::nextNumber (185 bytes)
Event: 2.810 Thread 0x00007fecfd823800 nmethod 374 0x000000010f508450 code [0x000000010f5085a0, 0x000000010f5086b8]
Event: 2.815 Thread 0x00007fecfc835800 nmethod 370 0x000000010f5252d0 code [0x000000010f525820, 0x000000010f52a1c0]

GC Heap History (3 events):
Event: 2.622 GC heap before
{Heap before GC invocations=0 (full 0):
 par new generation   total 306688K, used 272640K [0x00000005c0000000, 0x00000005d4cc0000, 0x00000005d4cc0000)
  eden space 272640K, 100% used [0x00000005c0000000, 0x00000005d0a40000, 0x00000005d0a40000)
  from space 34048K,   0% used [0x00000005d0a40000, 0x00000005d0a40000, 0x00000005d2b80000)
  to   space 34048K,   0% used [0x00000005d2b80000, 0x00000005d2b80000, 0x00000005d4cc0000)
 concurrent mark-sweep generation total 707840K, used 0K [0x00000005d4cc0000, 0x0000000600000000, 0x00000007c0000000)
 Metaspace       used 4737K, capacity 5300K, committed 5504K, reserved 1056768K
  class space    used 520K, capacity 560K, committed 640K, reserved 1048576K
Event: 2.758 GC heap after
Heap after GC invocations=1 (full 0):
 par new generation   total 306688K, used 34048K [0x00000005c0000000, 0x00000005d4cc0000, 0x00000005d4cc0000)
  eden space 272640K,   0% used [0x00000005c0000000, 0x00000005c0000000, 0x00000005d0a40000)
  from space 34048K, 100% used [0x00000005d2b80000, 0x00000005d4cc0000, 0x00000005d4cc0000)
  to   space 34048K,   0% used [0x00000005d0a40000, 0x00000005d0a40000, 0x00000005d2b80000)
 concurrent mark-sweep generation total 707840K, used 94572K [0x00000005d4cc0000, 0x0000000600000000, 0x00000007c0000000)
 Metaspace       used 4737K, capacity 5300K, committed 5504K, reserved 1056768K
  class space    used 520K, capacity 560K, committed 640K, reserved 1048576K
}
Event: 2.824 GC heap before
{Heap before GC invocations=1 (full 0):
 par new generation   total 306688K, used 71596K [0x00000005c0000000, 0x00000005d4cc0000, 0x00000005d4cc0000)
  eden space 272640K,  13% used [0x00000005c0000000, 0x00000005c24ab200, 0x00000005d0a40000)
  from space 34048K, 100% used [0x00000005d2b80000, 0x00000005d4cc0000, 0x00000005d4cc0000)
  to   space 34048K,   0% used [0x00000005d0a40000, 0x00000005d0a40000, 0x00000005d2b80000)
 concurrent mark-sweep generation total 707840K, used 94572K [0x00000005d4cc0000, 0x0000000600000000, 0x00000007c0000000)
 Metaspace       used 4742K, capacity 5300K, committed 5504K, reserved 1056768K
  class space    used 521K, capacity 560K, committed 640K, reserved 1048576K

Deoptimization events (0 events):
No events

Internal exceptions (10 events):
Event: 2.489 Thread 0x00007fecfc013000 Exception <a 'java/security/PrivilegedActionException'> (0x00000005ce686ea0) thrown at [/HUDSON3/workspace/8-2-build-macosx-x86_64/jdk8u20/1074/hotspot/src/share/vm/prims/jvm.cpp, line 1275]
Event: 2.489 Thread 0x00007fecfc013000 Exception <a 'java/security/PrivilegedActionException'> (0x00000005ce68c3b0) thrown at [/HUDSON3/workspace/8-2-build-macosx-x86_64/jdk8u20/1074/hotspot/src/share/vm/prims/jvm.cpp, line 1275]
Event: 2.490 Thread 0x00007fecfc013000 Exception <a 'java/security/PrivilegedActionException'> (0x00000005ce691c18) thrown at [/HUDSON3/workspace/8-2-build-macosx-x86_64/jdk8u20/1074/hotspot/src/share/vm/prims/jvm.cpp, line 1275]
Event: 2.491 Thread 0x00007fecfc013000 Exception <a 'java/security/PrivilegedActionException'> (0x00000005ce697548) thrown at [/HUDSON3/workspace/8-2-build-macosx-x86_64/jdk8u20/1074/hotspot/src/share/vm/prims/jvm.cpp, line 1275]
Event: 2.492 Thread 0x00007fecfc013000 Exception <a 'java/security/PrivilegedActionException'> (0x00000005ce6a2f10) thrown at [/HUDSON3/workspace/8-2-build-macosx-x86_64/jdk8u20/1074/hotspot/src/share/vm/prims/jvm.cpp, line 1275]
Event: 2.493 Thread 0x00007fecfc013000 Exception <a 'java/security/PrivilegedActionException'> (0x00000005ce6a7280) thrown at [/HUDSON3/workspace/8-2-build-macosx-x86_64/jdk8u20/1074/hotspot/src/share/vm/prims/jvm.cpp, line 1275]
Event: 2.495 Thread 0x00007fecfc013000 Exception <a 'java/security/PrivilegedActionException'> (0x00000005ce6bf5c0) thrown at [/HUDSON3/workspace/8-2-build-macosx-x86_64/jdk8u20/1074/hotspot/src/share/vm/prims/jvm.cpp, line 1275]
Event: 2.496 Thread 0x00007fecfc013000 Exception <a 'java/security/PrivilegedActionException'> (0x00000005ce6c4940) thrown at [/HUDSON3/workspace/8-2-build-macosx-x86_64/jdk8u20/1074/hotspot/src/share/vm/prims/jvm.cpp, line 1275]
Event: 2.497 Thread 0x00007fecfc013000 Exception <a 'java/security/PrivilegedActionException'> (0x00000005ce6cbae0) thrown at [/HUDSON3/workspace/8-2-build-macosx-x86_64/jdk8u20/1074/hotspot/src/share/vm/prims/jvm.cpp, line 1275]
Event: 2.498 Thread 0x00007fecfc013000 Exception <a 'java/security/PrivilegedActionException'> (0x00000005ce6d40b8) thrown at [/HUDSON3/workspace/8-2-build-macosx-x86_64/jdk8u20/1074/hotspot/src/share/vm/prims/jvm.cpp, line 1275]

Events (10 events):
Event: 2.497 loading class umontreal/iro/lecuyer/probdist/ContinuousDistribution done
Event: 2.498 loading class umontreal/iro/lecuyer/probdist/NormalDist
Event: 2.498 loading class umontreal/iro/lecuyer/probdist/NormalDist done
Event: 2.593 Thread 0x00007fecfc013000 DEOPT PACKING pc=0x000000010f4f7e60 sp=0x000000010d323430
Event: 2.593 Thread 0x00007fecfc013000 DEOPT UNPACKING pc=0x000000010f362373 sp=0x000000010d3231c8 mode 0
Event: 2.622 Executing VM operation: GenCollectForAllocation
Event: 2.758 Executing VM operation: GenCollectForAllocation done
Event: 2.758 loading class sun/misc/Cleaner
Event: 2.759 loading class sun/misc/Cleaner done
Event: 2.824 Executing VM operation: GenCollectForAllocation


Dynamic libraries:
0x00000000018ed000 	/System/Library/Frameworks/Cocoa.framework/Versions/A/Cocoa
0x00000000018ed000 	/System/Library/Frameworks/Security.framework/Versions/A/Security
0x00000000018ed000 	/System/Library/Frameworks/ApplicationServices.framework/Versions/A/ApplicationServices
0x00000000018ed000 	/usr/lib/libz.1.dylib
0x00000000018ed000 	/usr/lib/libSystem.B.dylib
0x00000000018ed000 	/usr/lib/libobjc.A.dylib
0x00000000018ed000 	/System/Library/Frameworks/CoreFoundation.framework/Versions/A/CoreFoundation
0x00000000018ed000 	/System/Library/Frameworks/Foundation.framework/Versions/C/Foundation
0x00000000018ed000 	/System/Library/Frameworks/AppKit.framework/Versions/C/AppKit
0x00000000018ed000 	/System/Library/Frameworks/CoreData.framework/Versions/A/CoreData
0x00000000018ed000 	/System/Library/PrivateFrameworks/RemoteViewServices.framework/Versions/A/RemoteViewServices
0x00000000018ed000 	/System/Library/PrivateFrameworks/UIFoundation.framework/Versions/A/UIFoundation
0x00000000018ed000 	/System/Library/Frameworks/IOSurface.framework/Versions/A/IOSurface
0x00000000018ed000 	/System/Library/Frameworks/AudioToolbox.framework/Versions/A/AudioToolbox
0x00000000018ed000 	/System/Library/Frameworks/AudioUnit.framework/Versions/A/AudioUnit
0x00000000018ed000 	/System/Library/PrivateFrameworks/DataDetectorsCore.framework/Versions/A/DataDetectorsCore
0x00000000018ed000 	/System/Library/PrivateFrameworks/DesktopServicesPriv.framework/Versions/A/DesktopServicesPriv
0x00000000018ed000 	/System/Library/Frameworks/Carbon.framework/Versions/A/Frameworks/HIToolbox.framework/Versions/A/HIToolbox
0x00000000018ed000 	/System/Library/Frameworks/QuartzCore.framework/Versions/A/QuartzCore
0x00000000018ed000 	/System/Library/Frameworks/Carbon.framework/Versions/A/Frameworks/SpeechRecognition.framework/Versions/A/SpeechRecognition
0x00000000018ed000 	/usr/lib/libauto.dylib
0x00000000018ed000 	/usr/lib/libicucore.A.dylib
0x00000000018ed000 	/usr/lib/libxml2.2.dylib
0x00000000018ed000 	/System/Library/PrivateFrameworks/CoreUI.framework/Versions/A/CoreUI
0x00000000018ed000 	/System/Library/Frameworks/CoreAudio.framework/Versions/A/CoreAudio
0x00000000018ed000 	/System/Library/Frameworks/DiskArbitration.framework/Versions/A/DiskArbitration
0x00000000018ed000 	/usr/lib/liblangid.dylib
0x00000000018ed000 	/System/Library/PrivateFrameworks/MultitouchSupport.framework/Versions/A/MultitouchSupport
0x00000000018ed000 	/System/Library/Frameworks/IOKit.framework/Versions/A/IOKit
0x00000000018ed000 	/usr/lib/libDiagnosticMessagesClient.dylib
0x00000000018ed000 	/System/Library/Frameworks/CoreServices.framework/Versions/A/CoreServices
0x00000000018ed000 	/System/Library/PrivateFrameworks/PerformanceAnalysis.framework/Versions/A/PerformanceAnalysis
0x00000000018ed000 	/System/Library/PrivateFrameworks/GenerationalStorage.framework/Versions/A/GenerationalStorage
0x00000000018ed000 	/System/Library/Frameworks/OpenGL.framework/Versions/A/OpenGL
0x00000000018ed000 	/System/Library/PrivateFrameworks/Sharing.framework/Versions/A/Sharing
0x00000000018ed000 	/System/Library/Frameworks/CoreGraphics.framework/Versions/A/CoreGraphics
0x00000000018ed000 	/System/Library/Frameworks/CoreText.framework/Versions/A/CoreText
0x00000000018ed000 	/System/Library/Frameworks/ImageIO.framework/Versions/A/ImageIO
0x00000000018ed000 	/usr/lib/libextension.dylib
0x00000000018ed000 	/System/Library/PrivateFrameworks/Backup.framework/Versions/A/Backup
0x00000000018ed000 	/usr/lib/libarchive.2.dylib
0x00000000018ed000 	/System/Library/Frameworks/CFNetwork.framework/Versions/A/CFNetwork
0x00000000018ed000 	/System/Library/Frameworks/SystemConfiguration.framework/Versions/A/SystemConfiguration
0x00000000018ed000 	/usr/lib/libCRFSuite.dylib
0x00000000018ed000 	/usr/lib/libc++.1.dylib
0x00000000018ed000 	/usr/lib/libc++abi.dylib
0x00000000018ed000 	/usr/lib/system/libcache.dylib
0x00000000018ed000 	/usr/lib/system/libcommonCrypto.dylib
0x00000000018ed000 	/usr/lib/system/libcompiler_rt.dylib
0x00000000018ed000 	/usr/lib/system/libcopyfile.dylib
0x00000000018ed000 	/usr/lib/system/libcorecrypto.dylib
0x00000000018ed000 	/usr/lib/system/libdispatch.dylib
0x00000000018ed000 	/usr/lib/system/libdyld.dylib
0x00000000018ed000 	/usr/lib/system/libkeymgr.dylib
0x00000000018ed000 	/usr/lib/system/liblaunch.dylib
0x00000000018ed000 	/usr/lib/system/libmacho.dylib
0x00000000018ed000 	/usr/lib/system/libquarantine.dylib
0x00000000018ed000 	/usr/lib/system/libremovefile.dylib
0x00000000018ed000 	/usr/lib/system/libsystem_asl.dylib
0x00000000018ed000 	/usr/lib/system/libsystem_blocks.dylib
0x00000000018ed000 	/usr/lib/system/libsystem_c.dylib
0x00000000018ed000 	/usr/lib/system/libsystem_configuration.dylib
0x00000000018ed000 	/usr/lib/system/libsystem_coreservices.dylib
0x00000000018ed000 	/usr/lib/system/libsystem_coretls.dylib
0x00000000018ed000 	/usr/lib/system/libsystem_dnssd.dylib
0x00000000018ed000 	/usr/lib/system/libsystem_info.dylib
0x00000000018ed000 	/usr/lib/system/libsystem_kernel.dylib
0x00000000018ed000 	/usr/lib/system/libsystem_m.dylib
0x00000000018ed000 	/usr/lib/system/libsystem_malloc.dylib
0x00000000018ed000 	/usr/lib/system/libsystem_network.dylib
0x00000000018ed000 	/usr/lib/system/libsystem_networkextension.dylib
0x00000000018ed000 	/usr/lib/system/libsystem_notify.dylib
0x00000000018ed000 	/usr/lib/system/libsystem_platform.dylib
0x00000000018ed000 	/usr/lib/system/libsystem_pthread.dylib
0x00000000018ed000 	/usr/lib/system/libsystem_sandbox.dylib
0x00000000018ed000 	/usr/lib/system/libsystem_secinit.dylib
0x00000000018ed000 	/usr/lib/system/libsystem_stats.dylib
0x00000000018ed000 	/usr/lib/system/libsystem_trace.dylib
0x00000000018ed000 	/usr/lib/system/libunc.dylib
0x00000000018ed000 	/usr/lib/system/libunwind.dylib
0x00000000018ed000 	/usr/lib/system/libxpc.dylib
0x00000000018ed000 	/usr/lib/libbz2.1.0.dylib
0x00000000018ed000 	/usr/lib/liblzma.5.dylib
0x00000000018ed000 	/usr/lib/libbsm.0.dylib
0x00000000018ed000 	/usr/lib/libsqlite3.dylib
0x00000000018ed000 	/usr/lib/system/libkxld.dylib
0x00000000018ed000 	/usr/lib/libxar.1.dylib
0x00000000018ed000 	/usr/lib/libpam.2.dylib
0x00000000018ed000 	/usr/lib/libOpenScriptingUtil.dylib
0x00000000018ed000 	/System/Library/Frameworks/CoreServices.framework/Versions/A/Frameworks/FSEvents.framework/Versions/A/FSEvents
0x00000000018ed000 	/System/Library/Frameworks/CoreServices.framework/Versions/A/Frameworks/CarbonCore.framework/Versions/A/CarbonCore
0x00000000018ed000 	/System/Library/Frameworks/CoreServices.framework/Versions/A/Frameworks/Metadata.framework/Versions/A/Metadata
0x00000000018ed000 	/System/Library/Frameworks/CoreServices.framework/Versions/A/Frameworks/OSServices.framework/Versions/A/OSServices
0x00000000018ed000 	/System/Library/Frameworks/CoreServices.framework/Versions/A/Frameworks/SearchKit.framework/Versions/A/SearchKit
0x00000000018ed000 	/System/Library/Frameworks/CoreServices.framework/Versions/A/Frameworks/AE.framework/Versions/A/AE
0x00000000018ed000 	/System/Library/Frameworks/CoreServices.framework/Versions/A/Frameworks/LaunchServices.framework/Versions/A/LaunchServices
0x00000000018ed000 	/System/Library/Frameworks/CoreServices.framework/Versions/A/Frameworks/DictionaryServices.framework/Versions/A/DictionaryServices
0x00000000018ed000 	/System/Library/Frameworks/NetFS.framework/Versions/A/NetFS
0x00000000018ed000 	/System/Library/PrivateFrameworks/NetAuth.framework/Versions/A/NetAuth
0x00000000018ed000 	/System/Library/PrivateFrameworks/login.framework/Versions/A/Frameworks/loginsupport.framework/Versions/A/loginsupport
0x00000000018ed000 	/System/Library/PrivateFrameworks/TCC.framework/Versions/A/TCC
0x00000000018ed000 	/usr/lib/libmecabra.dylib
0x00000000018ed000 	/System/Library/Frameworks/ApplicationServices.framework/Versions/A/Frameworks/ATS.framework/Versions/A/ATS
0x00000000018ed000 	/System/Library/Frameworks/ApplicationServices.framework/Versions/A/Frameworks/ColorSync.framework/Versions/A/ColorSync
0x00000000018ed000 	/System/Library/Frameworks/ApplicationServices.framework/Versions/A/Frameworks/HIServices.framework/Versions/A/HIServices
0x00000000018ed000 	/System/Library/Frameworks/ApplicationServices.framework/Versions/A/Frameworks/LangAnalysis.framework/Versions/A/LangAnalysis
0x00000000018ed000 	/System/Library/Frameworks/ApplicationServices.framework/Versions/A/Frameworks/PrintCore.framework/Versions/A/PrintCore
0x00000000018ed000 	/System/Library/Frameworks/ApplicationServices.framework/Versions/A/Frameworks/QD.framework/Versions/A/QD
0x00000000018ed000 	/System/Library/Frameworks/ApplicationServices.framework/Versions/A/Frameworks/SpeechSynthesis.framework/Versions/A/SpeechSynthesis
0x00000000018ed000 	/System/Library/Frameworks/Accelerate.framework/Versions/A/Accelerate
0x00000000018ed000 	/System/Library/Frameworks/Accelerate.framework/Versions/A/Frameworks/vImage.framework/Versions/A/vImage
0x00000000018ed000 	/System/Library/Frameworks/Accelerate.framework/Versions/A/Frameworks/vecLib.framework/Versions/A/vecLib
0x00000000018ed000 	/System/Library/Frameworks/Accelerate.framework/Versions/A/Frameworks/vecLib.framework/Versions/A/libvDSP.dylib
0x00000000018ed000 	/System/Library/Frameworks/Accelerate.framework/Versions/A/Frameworks/vecLib.framework/Versions/A/libvMisc.dylib
0x00000000018ed000 	/System/Library/Frameworks/Accelerate.framework/Versions/A/Frameworks/vecLib.framework/Versions/A/libLAPACK.dylib
0x00000000018ed000 	/System/Library/Frameworks/Accelerate.framework/Versions/A/Frameworks/vecLib.framework/Versions/A/libBLAS.dylib
0x00000000018ed000 	/System/Library/Frameworks/Accelerate.framework/Versions/A/Frameworks/vecLib.framework/Versions/A/libLinearAlgebra.dylib
0x00000000018ed000 	/System/Library/Frameworks/ApplicationServices.framework/Versions/A/Frameworks/ATS.framework/Versions/A/Resources/libFontParser.dylib
0x00000000018ed000 	/System/Library/Frameworks/ApplicationServices.framework/Versions/A/Frameworks/ATS.framework/Versions/A/Resources/libFontRegistry.dylib
0x00000000018ed000 	/System/Library/PrivateFrameworks/AppleVPA.framework/Versions/A/AppleVPA
0x00000000018ed000 	/System/Library/PrivateFrameworks/AppleJPEG.framework/Versions/A/AppleJPEG
0x00000000018ed000 	/System/Library/Frameworks/ImageIO.framework/Versions/A/Resources/libJPEG.dylib
0x00000000018ed000 	/System/Library/Frameworks/ImageIO.framework/Versions/A/Resources/libTIFF.dylib
0x00000000018ed000 	/System/Library/Frameworks/ImageIO.framework/Versions/A/Resources/libPng.dylib
0x00000000018ed000 	/System/Library/Frameworks/ImageIO.framework/Versions/A/Resources/libGIF.dylib
0x00000000018ed000 	/System/Library/Frameworks/ImageIO.framework/Versions/A/Resources/libJP2.dylib
0x00000000018ed000 	/System/Library/Frameworks/ImageIO.framework/Versions/A/Resources/libRadiance.dylib
0x00000000018ed000 	/System/Library/Frameworks/CoreVideo.framework/Versions/A/CoreVideo
0x00000000018ed000 	/System/Library/Frameworks/OpenGL.framework/Versions/A/Libraries/libGLU.dylib
0x00000000018ed000 	/System/Library/Frameworks/OpenGL.framework/Versions/A/Libraries/libGFXShared.dylib
0x00000000018ed000 	/System/Library/Frameworks/OpenGL.framework/Versions/A/Libraries/libGL.dylib
0x00000000018ed000 	/System/Library/Frameworks/OpenGL.framework/Versions/A/Libraries/libGLImage.dylib
0x00000000018ed000 	/System/Library/Frameworks/OpenGL.framework/Versions/A/Libraries/libCVMSPluginSupport.dylib
0x00000000018ed000 	/System/Library/Frameworks/OpenGL.framework/Versions/A/Libraries/libCoreVMClient.dylib
0x00000000018ed000 	/usr/lib/libcups.2.dylib
0x00000000018ed000 	/System/Library/Frameworks/Kerberos.framework/Versions/A/Kerberos
0x00000000018ed000 	/System/Library/Frameworks/GSS.framework/Versions/A/GSS
0x00000000018ed000 	/usr/lib/libresolv.9.dylib
0x00000000018ed000 	/usr/lib/libiconv.2.dylib
0x00000000018ed000 	/System/Library/PrivateFrameworks/Heimdal.framework/Versions/A/Heimdal
0x00000000018ed000 	/usr/lib/libheimdal-asn1.dylib
0x00000000018ed000 	/System/Library/Frameworks/OpenDirectory.framework/Versions/A/OpenDirectory
0x00000000018ed000 	/System/Library/PrivateFrameworks/CommonAuth.framework/Versions/A/CommonAuth
0x00000000018ed000 	/System/Library/Frameworks/OpenDirectory.framework/Versions/A/Frameworks/CFOpenDirectory.framework/Versions/A/CFOpenDirectory
0x00000000018ed000 	/System/Library/Frameworks/SecurityFoundation.framework/Versions/A/SecurityFoundation
0x00000000018ed000 	/System/Library/PrivateFrameworks/LanguageModeling.framework/Versions/A/LanguageModeling
0x00000000018ed000 	/usr/lib/libcmph.dylib
0x00000000018ed000 	/System/Library/Frameworks/ServiceManagement.framework/Versions/A/ServiceManagement
0x00000000018ed000 	/usr/lib/libxslt.1.dylib
0x00000000018ed000 	/System/Library/Frameworks/Carbon.framework/Versions/A/Frameworks/Ink.framework/Versions/A/Ink
0x00000000018ed000 	/System/Library/Frameworks/QuartzCore.framework/Versions/A/Frameworks/CoreImage.framework/Versions/A/CoreImage
0x00000000018ed000 	/System/Library/PrivateFrameworks/CrashReporterSupport.framework/Versions/A/CrashReporterSupport
0x00000000018ed000 	/System/Library/Frameworks/OpenCL.framework/Versions/A/OpenCL
0x00000000018ed000 	/System/Library/PrivateFrameworks/FaceCore.framework/Versions/A/FaceCore
0x00000000018ed000 	/System/Library/PrivateFrameworks/Ubiquity.framework/Versions/A/Ubiquity
0x00000000018ed000 	/System/Library/PrivateFrameworks/IconServices.framework/Versions/A/IconServices
0x00000000018ed000 	/System/Library/PrivateFrameworks/ChunkingLibrary.framework/Versions/A/ChunkingLibrary
0x00000000018ed000 	/System/Library/PrivateFrameworks/Apple80211.framework/Versions/A/Apple80211
0x00000000018ed000 	/System/Library/Frameworks/CoreWLAN.framework/Versions/A/CoreWLAN
0x00000000018ed000 	/System/Library/Frameworks/IOBluetooth.framework/Versions/A/IOBluetooth
0x00000000018ed000 	/System/Library/PrivateFrameworks/CoreWiFi.framework/Versions/A/CoreWiFi
0x00000000018ed000 	/System/Library/Frameworks/CoreBluetooth.framework/Versions/A/CoreBluetooth
0x00000000018ed000 	/System/Library/PrivateFrameworks/DebugSymbols.framework/Versions/A/DebugSymbols
0x00000000018ed000 	/System/Library/PrivateFrameworks/CoreSymbolication.framework/Versions/A/CoreSymbolication
0x00000000018ed000 	/System/Library/PrivateFrameworks/Symbolication.framework/Versions/A/Symbolication
0x00000000018ed000 	/System/Library/PrivateFrameworks/SpeechRecognitionCore.framework/Versions/A/SpeechRecognitionCore
0x000000010e400000 	/Library/Java/JavaVirtualMachines/jdk1.8.0_20.jdk/Contents/Home/jre/lib/server/libjvm.dylib
0x00000000018ed000 	/usr/lib/libstdc++.6.dylib
0x000000010d326000 	/Library/Java/JavaVirtualMachines/jdk1.8.0_20.jdk/Contents/Home/jre/lib/libverify.dylib
0x000000010d334000 	/Library/Java/JavaVirtualMachines/jdk1.8.0_20.jdk/Contents/Home/jre/lib/libjava.dylib
0x000000010d372000 	/Library/Java/JavaVirtualMachines/jdk1.8.0_20.jdk/Contents/Home/jre/lib/libzip.dylib
0x000000010d3e5000 	/System/Library/Frameworks/JavaVM.framework/Frameworks/JavaRuntimeSupport.framework/JavaRuntimeSupport
0x000000012bebb000 	/System/Library/Frameworks/JavaVM.framework/Versions/A/Frameworks/JavaNativeFoundation.framework/Versions/A/JavaNativeFoundation
0x000000012becf000 	/System/Library/Frameworks/JavaVM.framework/Versions/A/JavaVM
0x00000000018ed000 	/System/Library/Frameworks/Carbon.framework/Versions/A/Carbon
0x000000012bedb000 	/System/Library/PrivateFrameworks/JavaLaunching.framework/Versions/A/JavaLaunching
0x00000000018ed000 	/System/Library/Frameworks/Carbon.framework/Versions/A/Frameworks/CommonPanels.framework/Versions/A/CommonPanels
0x00000000018ed000 	/System/Library/Frameworks/Carbon.framework/Versions/A/Frameworks/Help.framework/Versions/A/Help
0x00000000018ed000 	/System/Library/Frameworks/Carbon.framework/Versions/A/Frameworks/ImageCapture.framework/Versions/A/ImageCapture
0x00000000018ed000 	/System/Library/Frameworks/Carbon.framework/Versions/A/Frameworks/OpenScripting.framework/Versions/A/OpenScripting
0x00000000018ed000 	/System/Library/Frameworks/Carbon.framework/Versions/A/Frameworks/Print.framework/Versions/A/Print
0x00000000018ed000 	/System/Library/Frameworks/Carbon.framework/Versions/A/Frameworks/SecurityHI.framework/Versions/A/SecurityHI
0x000000012e17d000 	/Library/Java/JavaVirtualMachines/jdk1.8.0_20.jdk/Contents/Home/jre/lib/libosx.dylib
0x000000012e18b000 	/Library/Java/JavaVirtualMachines/jdk1.8.0_20.jdk/Contents/Home/jre/lib/./libosxapp.dylib
0x00000000018ed000 	/System/Library/Frameworks/ExceptionHandling.framework/Versions/A/ExceptionHandling
0x000000012e2aa000 	/Library/Java/JavaVirtualMachines/jdk1.8.0_20.jdk/Contents/Home/jre/lib/libawt.dylib
0x000000012e359000 	/Library/Java/JavaVirtualMachines/jdk1.8.0_20.jdk/Contents/Home/jre/lib/./libmlib_image.dylib
0x000000012e425000 	/Library/Java/JavaVirtualMachines/jdk1.8.0_20.jdk/Contents/Home/jre/lib/libawt_lwawt.dylib
0x00000000018ed000 	/System/Library/PrivateFrameworks/CoreServicesInternal.framework/Versions/A/CoreServicesInternal
0x00000000018ed000 	/System/Library/PrivateFrameworks/CloudDocs.framework/Versions/A/CloudDocs
0x00000000018ed000 	/System/Library/PrivateFrameworks/CoreDuet.framework/Versions/A/CoreDuet
0x00000000018ed000 	/System/Library/Frameworks/CloudKit.framework/Versions/A/CloudKit
0x00000000018ed000 	/System/Library/PrivateFrameworks/ProtocolBuffer.framework/Versions/A/ProtocolBuffer
0x00000000018ed000 	/System/Library/PrivateFrameworks/CoreDuetDaemonProtocol.framework/Versions/A/CoreDuetDaemonProtocol
0x00000000018ed000 	/System/Library/PrivateFrameworks/CoreDuetDebugLogging.framework/Versions/A/CoreDuetDebugLogging
0x00000000018ed000 	/System/Library/PrivateFrameworks/MMCS.framework/Versions/A/MMCS
0x00000000018ed000 	/System/Library/Frameworks/CoreLocation.framework/Versions/A/CoreLocation
0x00000000018ed000 	/System/Library/PrivateFrameworks/ProtectedCloudStorage.framework/Versions/A/ProtectedCloudStorage
0x00000000018ed000 	/System/Library/PrivateFrameworks/GeoServices.framework/Versions/A/GeoServices
0x000000012fb7f000 	/System/Library/Frameworks/CoreGraphics.framework/Versions/A/Resources/libCGCMS.A.dylib
0x0000000130962000 	/System/Library/Frameworks/CoreGraphics.framework/Versions/A/Resources/libRIP.A.dylib
0x0000000130cbe000 	/System/Library/Frameworks/CoreGraphics.framework/Versions/A/Resources/libCGXType.A.dylib
0x00000000018ed000 	/System/Library/Frameworks/OpenCL.framework/Versions/A/Libraries/libcldcpuengine.dylib
0x00000000018ed000 	/System/Library/PrivateFrameworks/DiskImages.framework/Versions/A/DiskImages
0x00000000018ed000 	/System/Library/Frameworks/DiscRecording.framework/Versions/A/DiscRecording
0x00000000018ed000 	/usr/lib/libcsfde.dylib
0x00000000018ed000 	/usr/lib/libcurl.4.dylib
0x00000000018ed000 	/System/Library/PrivateFrameworks/MediaKit.framework/Versions/A/MediaKit
0x00000000018ed000 	/usr/lib/libCoreStorage.dylib
0x00000000018ed000 	/System/Library/PrivateFrameworks/EFILogin.framework/Versions/A/EFILogin
0x00000000018ed000 	/usr/lib/libutil.dylib
0x00000000018ed000 	/System/Library/PrivateFrameworks/FindMyDevice.framework/Versions/A/FindMyDevice
0x00000000018ed000 	/System/Library/Frameworks/LDAP.framework/Versions/A/LDAP
0x00000000018ed000 	/usr/lib/libsasl2.2.dylib
0x00000000018ed000 	/System/Library/PrivateFrameworks/CoreDaemon.framework/Versions/B/CoreDaemon
0x00000000018ed000 	/usr/lib/libcrypto.0.9.8.dylib
0x00000000018ed000 	/System/Library/PrivateFrameworks/AppleSRP.framework/Versions/A/AppleSRP
0x00000000018ed000 	/System/Library/PrivateFrameworks/TrustEvaluationAgent.framework/Versions/A/TrustEvaluationAgent
0x0000000131732000 	cl_kernels
0x0000000131734000 	/System/Library/Frameworks/OpenCL.framework/Versions/A/Libraries/ImageFormats/unorm8_bgra.dylib
0x0000000131724000 	cl_kernels
0x00000000018ed000 	/System/Library/PrivateFrameworks/FamilyControls.framework/Versions/A/FamilyControls
0x00000000018ed000 	/System/Library/PrivateFrameworks/CommerceKit.framework/Versions/A/Frameworks/CommerceCore.framework/Versions/A/CommerceCore
0x00000000018ed000 	/System/Library/PrivateFrameworks/SystemAdministration.framework/Versions/A/SystemAdministration
0x00000000018ed000 	/System/Library/PrivateFrameworks/AppContainer.framework/Versions/A/AppContainer
0x00000000018ed000 	/System/Library/PrivateFrameworks/SecCodeWrapper.framework/Versions/A/SecCodeWrapper
0x00000000018ed000 	/System/Library/Frameworks/DirectoryService.framework/Versions/A/DirectoryService
0x00000000018ed000 	/System/Library/PrivateFrameworks/LoginUIKit.framework/Versions/A/Frameworks/LoginUICore.framework/Versions/A/LoginUICore
0x00000000018ed000 	/usr/lib/libodfde.dylib

VM Arguments:
jvm_args: -Xmx8G -Xms1G -XX:+UseParNewGC -XX:+UseConcMarkSweepGC -XX:+UseTLAB -XX:+UseFastAccessorMethods -XX:CompileThreshold=10000 -XX:MaxInlineSize=55 -XX:AllocatePrefetchStyle=2 -XX:+DisableExplicitGC -XX:CMSInitiatingOccupancyFraction=60 -XX:+CMSParallelRemarkEnabled -XX:+UseCMSInitiatingOccupancyOnly -XX:ParallelGCThreads=4 -XX:+UseCompressedOops -XX:+ZeroTLAB -Dfile.encoding=UTF-8 
java_command: org.simbrain.network.update_actions.ConcurrentBufferedUpdate
java_class_path (initial): /Users/ztosi/Documents/Simbrain/simbrain/bin1:/Users/ztosi/Documents/Simbrain/simbrain/bin/lib/Blas.jar:/Users/ztosi/Documents/Simbrain/simbrain/bin/lib/bsh-2.1b5.jar:/Users/ztosi/Documents/Simbrain/simbrain/bin/lib/colt.jar:/Users/ztosi/Documents/Simbrain/simbrain/bin/lib/commons-math3-3.2.jar:/Users/ztosi/Documents/Simbrain/simbrain/bin/lib/Jama-1.0.1.jar:/Users/ztosi/Documents/Simbrain/simbrain/bin/lib/jcommon-1.0.17.jar:/Users/ztosi/Documents/Simbrain/simbrain/bin/lib/jfreechart-1.0.14.jar:/Users/ztosi/Documents/Simbrain/simbrain/bin/lib/jgap.jar:/Users/ztosi/Documents/Simbrain/simbrain/bin/lib/log4j-1.2.14.jar:/Users/ztosi/Documents/Simbrain/simbrain/bin/lib/ojalgo-35.0.jar:/Users/ztosi/Documents/Simbrain/simbrain/bin/lib/optimization.jar:/Users/ztosi/Documents/Simbrain/simbrain/bin/lib/piccolo2d-core-3.0.jar:/Users/ztosi/Documents/Simbrain/simbrain/bin/lib/piccolo2d-extras-3.0.jar:/Users/ztosi/Documents/Simbrain/simbrain/bin/lib/rsyntaxtextarea.jar:/Users/ztosi/Documents/Simbrain/simbrain/bin/lib/ssj.jar:/Users/ztosi/Documents/Simbrain/simbrain/bin/lib/swinglabs-0.8.0.jar:/Users/ztosi/Documents/Simbrain/simbrain/bin/lib/utils.jar:/Users/ztosi/Documents/Simbrain/simbrain/bin/lib/xstream-1.4.2.jar:/Users/ztosi/Documents/Simbrain/simbrain/lib/Blas.jar:/Users/ztosi/Documents/Simbrain/simbrain/lib/bsh-2.1b5.jar:/Users/ztosi/Documents/Simbrain/simbrain/lib/colt.jar:/Users/ztosi/Documents/Simbrain/simbrain/lib/commons-math3-3.2.jar:/Users/ztosi/Documents/Simbrain/simbrain/lib/Jama-1.0.1.jar:/Users/ztosi/Documents/Simbrain/simbrain/lib/jcommon-1.0.17.jar:/Users/ztosi/Documents/Simbrain/simbrain/lib/jfreechart-1.0.14.jar:/Users/ztosi/Documents/Simbrain/simbrain/lib/jgap.jar:/Users/ztosi/Documents/Simbrain/simbrain/lib/log4j-1.2.14.jar:/Users/ztosi/Documents/Simbrain/simbrain/lib/ojalgo-35.0.jar:/Users/ztosi/Documents/Simbrain/simbrain/lib/optimization.jar:/Users/ztosi/Documents/Simbrain/simbrain/lib/piccolo2d-core-3.0.jar:/Users/ztosi/Docum
Launcher Type: SUN_STANDARD

Environment Variables:
PATH=/usr/bin:/bin:/usr/sbin:/sbin
SHELL=/bin/bash
DISPLAY=/private/tmp/com.apple.launchd.a4znojvnBG/org.macosforge.xquartz:0

Signal Handlers:
SIGSEGV: [libjvm.dylib+0x578fd7], sa_mask[0]=11111111011111110111111111111111, sa_flags=SA_ONSTACK|SA_RESTART|SA_SIGINFO
SIGBUS: [libjvm.dylib+0x578fd7], sa_mask[0]=11111111011111110111111111111111, sa_flags=SA_RESTART|SA_SIGINFO
SIGFPE: [libjvm.dylib+0x45ab0c], sa_mask[0]=11111111011111110111111111111111, sa_flags=SA_RESTART|SA_SIGINFO
SIGPIPE: [libjvm.dylib+0x45ab0c], sa_mask[0]=11111111011111110111111111111111, sa_flags=SA_RESTART|SA_SIGINFO
SIGXFSZ: [libjvm.dylib+0x45ab0c], sa_mask[0]=11111111011111110111111111111111, sa_flags=SA_RESTART|SA_SIGINFO
SIGILL: [libjvm.dylib+0x45ab0c], sa_mask[0]=11111111011111110111111111111111, sa_flags=SA_RESTART|SA_SIGINFO
SIGUSR1: SIG_DFL, sa_mask[0]=00000000000000000000000000000000, sa_flags=none
SIGUSR2: [libjvm.dylib+0x45a62a], sa_mask[0]=00100000000000000000000000000000, sa_flags=SA_RESTART|SA_SIGINFO
SIGHUP: [libjvm.dylib+0x458bfd], sa_mask[0]=11111111011111110111111111111111, sa_flags=SA_RESTART|SA_SIGINFO
SIGINT: [libjvm.dylib+0x458bfd], sa_mask[0]=11111111011111110111111111111111, sa_flags=SA_RESTART|SA_SIGINFO
SIGTERM: [libjvm.dylib+0x458bfd], sa_mask[0]=11111111011111110111111111111111, sa_flags=SA_RESTART|SA_SIGINFO
SIGQUIT: [libjvm.dylib+0x458bfd], sa_mask[0]=11111111011111110111111111111111, sa_flags=SA_RESTART|SA_SIGINFO


---------------  S Y S T E M  ---------------

OS:Bsduname:Darwin 14.5.0 Darwin Kernel Version 14.5.0: Tue Sep  1 21:23:09 PDT 2015; root:xnu-2782.50.1~1/RELEASE_X86_64 x86_64
rlimit: STACK 8192k, CORE 0k, NPROC 709, NOFILE 10240, AS infinity
load average:1.89 2.44 4.33

CPU:total 8 (4 cores per cpu, 2 threads per core) family 6 model 70 stepping 1, cmov, cx8, fxsr, mmx, sse, sse2, sse3, ssse3, sse4.1, sse4.2, popcnt, avx, avx2, aes, clmul, erms, lzcnt, ht, tsc, tscinvbit, bmi1, bmi2

Memory: 4k page, physical 16777216k(24572k free)

/proc/meminfo:


vm_info: Java HotSpot(TM) 64-Bit Server VM (25.20-b23) for bsd-amd64 JRE (1.8.0_20-b26), built on Jul 30 2014 13:37:47 by "java_re" with gcc 4.2.1 (Based on Apple Inc. build 5658) (LLVM build 2336.9.00)

time: Thu Oct 29 16:29:11 2015
elapsed time: 2 seconds (0d 0h 0m 2s)

